<?xml version="1.0" encoding="UTF-8"?>
<!-- Generated by org.testng.reporters.JUnitXMLReporter -->
<testsuite hostname="DESKTOP-CJJQG7F" name="Verbose test" tests="3" failures="0" timestamp="15 Jun 2019 06:56:09 GMT" time="25.771" errors="0">
  <testcase name="test1" time="0.011" classname="com.testngpratice.VerbosePratice"/>
  <testcase name="test2" time="0.016" classname="com.testngpratice.VerbosePratice"/>
  <testcase name="test3" time="0.009" classname="com.testngpratice.VerbosePratice"/>
</testsuite> <!-- Verbose test -->
